22:30:01 - 5292 -x-- DB-LOCK try
22:30:01 - 5292 --x- DB-LOCK OBTAINED !!!!!!!!!!!!!!!!!
22:30:03 - 5292 --x- SELECT jobs
22:30:03 - 5292 --x- RUN jobs
22:30:28 - 5292 --x- ALL jobs FINISHED *************************************************
22:35:02 - 3776 -x-- DB-LOCK try
22:35:02 - 3776 --x- DB-LOCK OBTAINED !!!!!!!!!!!!!!!!!
22:35:04 - 3776 --x- SELECT jobs
22:35:04 - 3776 --x- RUN jobs
22:35:21 - 3776 --x- ALL jobs FINISHED *************************************************
22:40:01 - 5008 -x-- DB-LOCK try
22:40:01 - 5008 --x- DB-LOCK OBTAINED !!!!!!!!!!!!!!!!!
22:40:03 - 5008 --x- SELECT jobs
22:40:03 - 5008 --x- RUN jobs
22:40:21 - 5008 --x- ALL jobs FINISHED *************************************************
22:45:02 - 3484 -x-- DB-LOCK try
22:45:02 - 3484 --x- DB-LOCK OBTAINED !!!!!!!!!!!!!!!!!
22:45:04 - 3484 --x- SELECT jobs
22:45:04 - 3484 --x- RUN jobs
22:45:18 - 3484 --x- ALL jobs FINISHED *************************************************
22:50:01 - 5012 -x-- DB-LOCK try
22:50:01 - 5012 --x- DB-LOCK OBTAINED !!!!!!!!!!!!!!!!!
22:50:03 - 5012 --x- SELECT jobs
22:50:03 - 5012 --x- RUN jobs
22:50:35 - 5012 --x- ALL jobs FINISHED *************************************************
22:55:01 - 2664 -x-- DB-LOCK try
22:55:01 - 2664 --x- DB-LOCK OBTAINED !!!!!!!!!!!!!!!!!
22:55:03 - 2664 --x- SELECT jobs
22:55:03 - 2664 --x- RUN jobs
22:55:11 - 2664 --x- ALL jobs FINISHED *************************************************
23:00:02 - 5760 -x-- DB-LOCK try
23:00:02 - 5760 --x- DB-LOCK OBTAINED !!!!!!!!!!!!!!!!!
23:00:04 - 5760 --x- SELECT jobs
23:00:04 - 5760 --x- RUN jobs
23:00:25 - 5760 --x- ALL jobs FINISHED *************************************************
23:05:06 - 5464 -x-- DB-LOCK try
23:05:06 - 5464 --x- DB-LOCK OBTAINED !!!!!!!!!!!!!!!!!
23:05:09 - 5464 --x- SELECT jobs
23:05:09 - 5464 --x- RUN jobs
23:05:45 - 5464 --x- ALL jobs FINISHED *************************************************
23:10:01 - 1716 -x-- DB-LOCK try
23:10:01 - 1716 --x- DB-LOCK OBTAINED !!!!!!!!!!!!!!!!!
23:10:03 - 1716 --x- SELECT jobs
23:10:03 - 1716 --x- RUN jobs
23:10:17 - 1716 --x- ALL jobs FINISHED *************************************************
23:15:01 - 3172 -x-- DB-LOCK try
23:15:01 - 3172 --x- DB-LOCK OBTAINED !!!!!!!!!!!!!!!!!
23:15:03 - 3172 --x- SELECT jobs
23:15:03 - 3172 --x- RUN jobs
23:15:21 - 3172 --x- ALL jobs FINISHED *************************************************
23:20:02 - 3676 -x-- DB-LOCK try
23:20:02 - 3676 --x- DB-LOCK OBTAINED !!!!!!!!!!!!!!!!!
23:20:04 - 3676 --x- SELECT jobs
23:20:04 - 3676 --x- RUN jobs
23:20:28 - 3676 --x- ALL jobs FINISHED *************************************************
23:25:01 - 244 -x-- DB-LOCK try
23:25:01 - 244 --x- DB-LOCK OBTAINED !!!!!!!!!!!!!!!!!
23:25:03 - 244 --x- SELECT jobs
23:25:03 - 244 --x- RUN jobs
23:25:19 - 244 --x- ALL jobs FINISHED *************************************************
23:30:01 - 496 -x-- DB-LOCK try
23:30:01 - 496 --x- DB-LOCK OBTAINED !!!!!!!!!!!!!!!!!
23:30:03 - 496 --x- SELECT jobs
23:30:03 - 496 --x- RUN jobs
23:30:21 - 496 --x- ALL jobs FINISHED *************************************************
23:35:02 - 4524 -x-- DB-LOCK try
23:35:02 - 4524 --x- DB-LOCK OBTAINED !!!!!!!!!!!!!!!!!
23:35:04 - 4524 --x- SELECT jobs
23:35:04 - 4524 --x- RUN jobs
23:35:24 - 4524 --x- ALL jobs FINISHED *************************************************
23:40:01 - 5668 -x-- DB-LOCK try
23:40:01 - 5668 --x- DB-LOCK OBTAINED !!!!!!!!!!!!!!!!!
23:40:03 - 5668 --x- SELECT jobs
23:40:03 - 5668 --x- RUN jobs
23:40:17 - 5668 --x- ALL jobs FINISHED *************************************************
23:45:01 - 3240 -x-- DB-LOCK try
23:45:01 - 3240 --x- DB-LOCK OBTAINED !!!!!!!!!!!!!!!!!
23:45:03 - 3240 --x- SELECT jobs
23:45:03 - 3240 --x- RUN jobs
23:45:18 - 3240 --x- ALL jobs FINISHED *************************************************
23:50:02 - 4532 -x-- DB-LOCK try
23:50:02 - 4532 --x- DB-LOCK OBTAINED !!!!!!!!!!!!!!!!!
23:50:04 - 4532 --x- SELECT jobs
23:50:04 - 4532 --x- RUN jobs
23:50:33 - 4532 --x- ALL jobs FINISHED *************************************************
23:55:02 - 3436 -x-- DB-LOCK try
23:55:02 - 3436 --x- DB-LOCK OBTAINED !!!!!!!!!!!!!!!!!
23:55:04 - 3436 --x- SELECT jobs
23:55:04 - 3436 --x- RUN jobs
23:55:13 - 3436 --x- ALL jobs FINISHED *************************************************
00:00:00 - 1616 -x-- DB-LOCK try
00:00:00 - 1616 --x- DB-LOCK OBTAINED !!!!!!!!!!!!!!!!!
00:00:02 - 1616 --x- SELECT jobs
00:00:02 - 1616 --x- RUN jobs
00:00:20 - 1616 --x- ALL jobs FINISHED *************************************************
00:05:02 - 5604 -x-- DB-LOCK try
00:05:02 - 5604 --x- DB-LOCK OBTAINED !!!!!!!!!!!!!!!!!
00:05:04 - 5604 --x- SELECT jobs
00:05:04 - 5604 --x- RUN jobs
00:05:34 - 5604 --x- ALL jobs FINISHED *************************************************
00:10:01 - 4956 -x-- DB-LOCK try
00:10:01 - 4956 --x- DB-LOCK OBTAINED !!!!!!!!!!!!!!!!!
00:10:03 - 4956 --x- SELECT jobs
00:10:03 - 4956 --x- RUN jobs
00:10:18 - 4956 --x- ALL jobs FINISHED *************************************************
00:15:01 - 3664 -x-- DB-LOCK try
00:15:01 - 3664 --x- DB-LOCK OBTAINED !!!!!!!!!!!!!!!!!
00:15:03 - 3664 --x- SELECT jobs
00:15:03 - 3664 --x- RUN jobs
00:15:14 - 3664 --x- ALL jobs FINISHED *************************************************
00:20:02 - 5284 -x-- DB-LOCK try
00:20:02 - 5284 --x- DB-LOCK OBTAINED !!!!!!!!!!!!!!!!!
00:20:04 - 5284 --x- SELECT jobs
00:20:04 - 5284 --x- RUN jobs
00:20:35 - 5284 --x- ALL jobs FINISHED *************************************************
00:25:01 - 5516 -x-- DB-LOCK try
00:25:01 - 5516 --x- DB-LOCK OBTAINED !!!!!!!!!!!!!!!!!
00:25:03 - 5516 --x- SELECT jobs
00:25:03 - 5516 --x- RUN jobs
00:25:17 - 5516 --x- ALL jobs FINISHED *************************************************
00:30:01 - 3256 -x-- DB-LOCK try
00:30:01 - 3256 --x- DB-LOCK OBTAINED !!!!!!!!!!!!!!!!!
00:30:03 - 3256 --x- SELECT jobs
00:30:03 - 3256 --x- RUN jobs
00:30:21 - 3256 --x- ALL jobs FINISHED *************************************************
00:35:01 - 3992 -x-- DB-LOCK try
00:35:01 - 3992 --x- DB-LOCK OBTAINED !!!!!!!!!!!!!!!!!
00:35:03 - 3992 --x- SELECT jobs
00:35:03 - 3992 --x- RUN jobs
00:35:24 - 3992 --x- ALL jobs FINISHED *************************************************
00:40:05 - 3884 -x-- DB-LOCK try
00:40:05 - 3884 --x- DB-LOCK OBTAINED !!!!!!!!!!!!!!!!!
00:40:07 - 3884 --x- SELECT jobs
00:40:07 - 3884 --x- RUN jobs
00:40:33 - 3884 --x- ALL jobs FINISHED *************************************************
00:45:02 - 5408 -x-- DB-LOCK try
00:45:02 - 5408 --x- DB-LOCK OBTAINED !!!!!!!!!!!!!!!!!
00:45:04 - 5408 --x- SELECT jobs
00:45:04 - 5408 --x- RUN jobs
00:45:19 - 5408 --x- ALL jobs FINISHED *************************************************
00:50:01 - 4596 -x-- DB-LOCK try
00:50:01 - 4596 --x- DB-LOCK OBTAINED !!!!!!!!!!!!!!!!!
00:50:03 - 4596 --x- SELECT jobs
00:50:03 - 4596 --x- RUN jobs
00:50:27 - 4596 --x- ALL jobs FINISHED *************************************************
00:55:01 - 4888 -x-- DB-LOCK try
00:55:01 - 4888 --x- DB-LOCK OBTAINED !!!!!!!!!!!!!!!!!
00:55:03 - 4888 --x- SELECT jobs
00:55:03 - 4888 --x- RUN jobs
00:55:11 - 4888 --x- ALL jobs FINISHED *************************************************
01:00:01 - 5376 -x-- DB-LOCK try
01:00:01 - 5376 --x- DB-LOCK OBTAINED !!!!!!!!!!!!!!!!!
01:00:03 - 5376 --x- SELECT jobs
01:00:03 - 5376 --x- RUN jobs
01:00:37 - 5376 --x- ALL jobs FINISHED *************************************************
01:04:49 - 4412 -x-- DB-LOCK try
01:04:49 - 4412 --x- DB-LOCK OBTAINED !!!!!!!!!!!!!!!!!
01:04:51 - 4412 --x- SELECT jobs
01:04:51 - 4412 --x- RUN jobs
01:05:42 - 4412 --x- ALL jobs FINISHED *************************************************
01:10:02 - 5976 -x-- DB-LOCK try
01:10:02 - 5976 --x- DB-LOCK OBTAINED !!!!!!!!!!!!!!!!!
01:10:05 - 5976 --x- SELECT jobs
01:10:05 - 5976 --x- RUN jobs
01:10:19 - 5976 --x- ALL jobs FINISHED *************************************************
01:15:01 - 3476 -x-- DB-LOCK try
01:15:01 - 3476 --x- DB-LOCK OBTAINED !!!!!!!!!!!!!!!!!
01:15:03 - 3476 --x- SELECT jobs
01:15:03 - 3476 --x- RUN jobs
01:15:24 - 3476 --x- ALL jobs FINISHED *************************************************
01:20:01 - 3600 -x-- DB-LOCK try
01:20:01 - 3600 --x- DB-LOCK OBTAINED !!!!!!!!!!!!!!!!!
01:20:03 - 3600 --x- SELECT jobs
01:20:03 - 3600 --x- RUN jobs
01:20:25 - 3600 --x- ALL jobs FINISHED *************************************************
